werkzeug - INFO -  * Running on http://192.168.200.227:5000/ (Press CTRL+C to quit)
root - WARNING - Updating stock
root - WARNING - Starting to load orders 
root - WARNING - Starting to load products
root - WARNING - Updating stock
root - ERROR - 
root - WARNING - New order created
root - ERROR - 
root - WARNING - New order created
root - ERROR - 
root - WARNING - New order created
root - ERROR - 
root - WARNING - New order created
root - ERROR - 
root - WARNING - New order created
root - ERROR - 
root - WARNING - New order created
root - ERROR - 
root - WARNING - New order created
root - ERROR - 
root - WARNING - New order created
werkzeug - INFO - 192.168.200.227 - - [11/Sep/2020 16:47:10] "[37mGET /api/loadOrders HTTP/1.1[0m" 200 -
root - WARNING - Updating stock
root - WARNING - Starting to load orders 
root - WARNING - Starting to load products
root - ERROR - 
root - WARNING - New Size Group created
root - ERROR - 
root - WARNING - New Family created
root - ERROR - 
root - WARNING - New Productcreated
root - ERROR - 
root - WARNING - New Size Group created
root - ERROR - 
root - WARNING - New Color Group created
root - ERROR - 
root - WARNING - New Family created
root - ERROR - 
root - WARNING - New Productcreated
root - ERROR - 
root - WARNING - New Size Group created
root - ERROR - 
root - WARNING - New Color Group created
root - ERROR - 
root - WARNING - New Family created
root - ERROR - 
root - WARNING - New Productcreated
root - ERROR - 
root - WARNING - New Size Group created
root - ERROR - 
root - WARNING - New Color Group created
root - ERROR - 
root - WARNING - New Productcreated
root - ERROR - 
root - WARNING - New Family created
root - ERROR - 
root - WARNING - New Productcreated
root - ERROR - 
root - WARNING - New Size Group created
root - ERROR - 
root - WARNING - New Color Group created
root - ERROR - 
root - WARNING - New Productcreated
root - WARNING - Updating stock
root - ERROR - 
root - WARNING - New customer created
root - ERROR - 
root - WARNING - New order created
root - ERROR - 
root - WARNING - New order created
root - ERROR - 
root - WARNING - New order created
root - ERROR - 
root - WARNING - New order created
root - ERROR - 
root - WARNING - New order created
root - ERROR - 
root - WARNING - New order created
root - ERROR - 
root - WARNING - New order created
root - ERROR - 
root - WARNING - New order created
werkzeug - INFO - 192.168.200.227 - - [11/Sep/2020 16:50:18] "[37mGET /api/loadOrders HTTP/1.1[0m" 200 -
